[33mapp2:build[0m: cache hit, replaying output [2mfa682ed7abbcd462[0m
[33mapp2:build: [0m
[33mapp2:build: [0m> app2@1.0.0 build /Users/nicolastoulemont/Code/mfe-archi-poc/apps/app2
[33mapp2:build: [0m> webpack --mode production
[33mapp2:build: [0m
[33mapp2:build: [0massets by chunk 147 KiB (id hint: vendors)
[33mapp2:build: [0m  asset 730.js 130 KiB [compared for emit] [minimized] (id hint: vendors) 1 related asset
[33mapp2:build: [0m  asset 960.js 11.4 KiB [compared for emit] [minimized] (id hint: vendors) 1 related asset
[33mapp2:build: [0m  asset 455.js 5.74 KiB [compared for emit] [minimized] (id hint: vendors)
[33mapp2:build: [0masset 983.js 6.41 KiB [compared for emit] [minimized] 1 related asset
[33mapp2:build: [0masset remoteEntry.js 6.06 KiB [compared for emit] [minimized] (name: app2)
[33mapp2:build: [0masset main.js 5.95 KiB [compared for emit] [minimized] (name: main)
[33mapp2:build: [0masset 202.js 5.12 KiB [compared for emit] [minimized]
[33mapp2:build: [0masset 956.js 5.12 KiB [compared for emit] [minimized]
[33mapp2:build: [0masset index.html 340 bytes [compared for emit]
[33mapp2:build: [0mruntime modules 35.3 KiB 24 modules
[33mapp2:build: [0morphan modules 37 KiB [orphan] 6 modules
[33mapp2:build: [0mbuilt modules 222 KiB (javascript) 168 bytes (share-init) 168 bytes (consume-shared) [built]
[33mapp2:build: [0m  javascript modules 222 KiB
[33mapp2:build: [0m    modules by path ../../node_modules/.pnpm/ 216 KiB 17 modules
[33mapp2:build: [0m    modules by path ./src/ 5.45 KiB 3 modules
[33mapp2:build: [0m    container entry 42 bytes [built] [code generated]
[33mapp2:build: [0m  provide-module modules 168 bytes
[33mapp2:build: [0m    provide shared module (default) history@5.3.0 = ../../node_modules/.pnpm/history@5.3.0/node_modules/history/index.js 42 bytes [built] [code generated]
[33mapp2:build: [0m    provide shared module (default) react-dom@18.2.0 = ../../node_modules/.pnpm/react-dom@18.2.0_react@18.2.0/node_modules/react-dom/index.js 42 bytes [built] [code generated]
[33mapp2:build: [0m    + 2 modules
[33mapp2:build: [0m  consume-shared-module modules 168 bytes
[33mapp2:build: [0m    consume shared module (default) history@=5.3.0 (strict) (fallback: ../../node_modules/.pnpm/history@5.3.0/node_modules/history/index.js) 42 bytes [built] [code generated]
[33mapp2:build: [0m    consume shared module (default) react@^18.2.0 (singleton) (fallback: ../../node_modules/.pnpm/react@18.2.0/node_modules/react/index.js) 42 bytes [built] [code generated]
[33mapp2:build: [0m    + 2 modules
[33mapp2:build: [0mwebpack 5.73.0 compiled successfully in 2751 ms
